<?xml version="1.0" encoding="UTF-8"?>
<!-- Generated by org.testng.reporters.JUnitReportReporter -->
<testsuite hostname="Shubham" failures="0" tests="1" name="testCases.TestCase1" time="7.136" errors="0" timestamp="2023-06-23T14:29:11 IST" skipped="0">
  <testcase classname="testCases.TestCase1" name="verify_login_function" time="7.136"/>
</testsuite> <!-- testCases.TestCase1 -->
