<?xml version="1.0" encoding="UTF-8"?>
<!-- Generated by org.testng.reporters.JUnitReportReporter -->
<testsuite hostname="Shubham" failures="0" tests="1" name="testCases.ImageClick" time="6.512" errors="0" timestamp="2023-06-23T14:29:11 IST" skipped="0">
  <testcase classname="testCases.ImageClick" name="verifyImageClick" time="6.512"/>
</testsuite> <!-- testCases.ImageClick -->
